5747cc1143eac64f05933a14ed94f3a7  a.out
d41d8cd98f00b204e9800998ecf8427e  a.txt
72dd4df5ea7c6721de2001582c82c106  checklist.chk
b5344b126d280e2beb434fc573715973  chut.py
73c4fb6b89ebdc523bcc2ddbab565099  db.sqlite3
79b4a155ec9c1de54cfb71981e4cc020  file.c
f3e2bbcf0d2d9375793f9937d1cf3400  manage.py
0421b372bf6eff9d0004a0fc864447ef  server.log
4287106587b6c0924858c946b9df37a3  uwsgi_params
Last modified time of a.out is Mar 3 00:06
Last modified time of a.txt is Mar 2 02:36
Last modified time of ayurgroup is Dec 12 22:37
Last modified time of checklist.chk is Feb 24 22:55
Last modified time of chut.py is Feb 25 03:29
Last modified time of db.sqlite3 is Jan 3 15:09
Last modified time of file.c is Mar 2 02:39
Last modified time of integration is Dec 10 17:40
Last modified time of manage.py is Nov 9 18:59
Last modified time of server.log is Mar 3 00:08
Last modified time of static is Dec 12 18:19
Last modified time of uwsgi_params is Nov 1 18:49
